<?xml version="1.0" encoding="UTF-8"?>
<!-- Generated by org.testng.reporters.JUnitXMLReporter -->
<testsuite ignored="0" hostname="Keerthana" failures="1" tests="1" name="Address Page Test Case" time="1.393" errors="0" timestamp="2024-07-12T22:41:22 IST">
  <testcase classname="com.js.tests.AddressPageTest" name="testAddressPage" time="1.383">
    <failure type="org.openqa.selenium.ElementClickInterceptedException" message="element click intercepted: Element &amp;lt;mat-label _ngcontent-pbf-c81=&amp;quot;&amp;quot; translate=&amp;quot;&amp;quot; class=&amp;quot;ng-tns-c21-16 ng-star-inserted&amp;quot;&amp;gt;...&amp;lt;/mat-label&amp;gt; is not clickable at point (383, 201). Other element would receive the click: &amp;lt;input _ngcontent-pbf-c81=&amp;quot;&amp;quot; type=&amp;quot;text&amp;quot; matinput=&amp;quot;&amp;quot; class=&amp;quot;mat-input-element mat-form-field-autofill-control ng-tns-c21-16 ng-untouched ng-pristine ng-invalid cdk-text-field-autofill-monitored&amp;quot; placeholder=&amp;quot;Please provide a country.&amp;quot; required=&amp;quot;&amp;quot; id=&amp;quot;mat-input-3&amp;quot; data-placeholder=&amp;quot;Please provide a country.&amp;quot; aria-required=&amp;quot;true&amp;quot;&amp;gt;
  (Session info: chrome=126.0.6478.127)
Build info: version: &amp;apos;4.22.0&amp;apos;, revision: &amp;apos;c5f3146703*&amp;apos;
System info: os.name: &amp;apos;Windows 11&amp;apos;, os.arch: &amp;apos;amd64&amp;apos;, os.version: &amp;apos;10.0&amp;apos;, java.version: &amp;apos;17.0.9&amp;apos;
Driver info: org.openqa.selenium.chrome.ChromeDriver
Command: [05d1d9cf0839bd3ddd7bdc102bdc409e, clickElement {id=f.8888F0D7F1BAB094BFE56669DC80920C.d.6FCCC81A267E20D4F5F9D732D4462C6A.e.80}]
Capabilities {acceptInsecureCerts: false, browserName: chrome, browserVersion: 126.0.6478.127, chrome: {chromedriverVersion: 126.0.6478.126 (d36ace6122e..., userDataDir: C:\Users\jkeer\AppData\Loca...}, fedcm:accounts: true, goog:chromeOptions: {debuggerAddress: localhost:57568}, networkConnectionEnabled: false, pageLoadStrategy: normal, platformName: windows, proxy: Proxy(), se:cdp: ws://localhost:57568/devtoo..., se:cdpVersion: 126.0.6478.127, setWindowRect: true, strictFileInteractability: false, timeouts: {implicit: 0, pageLoad: 300000, script: 30000}, unhandledPromptBehavior: dismiss and notify, webauthn:extension:credBlob: true, webauthn:extension:largeBlob: true, webauthn:extension:minPinLength: true, webauthn:extension:prf: true, webauthn:virtualAuthenticators: true}
Element: [[ChromeDriver: chrome on windows (05d1d9cf0839bd3ddd7bdc102bdc409e)] -&amp;gt; xpath: //*[text()=&amp;apos;Country&amp;apos;]]
Session ID: 05d1d9cf0839bd3ddd7bdc102bdc409e">
      <![CDATA[org.openqa.selenium.ElementClickInterceptedException: element click intercepted: Element <mat-label _ngcontent-pbf-c81="" translate="" class="ng-tns-c21-16 ng-star-inserted">...</mat-label> is not clickable at point (383, 201). Other element would receive the click: <input _ngcontent-pbf-c81="" type="text" matinput="" class="mat-input-element mat-form-field-autofill-control ng-tns-c21-16 ng-untouched ng-pristine ng-invalid cdk-text-field-autofill-monitored" placeholder="Please provide a country." required="" id="mat-input-3" data-placeholder="Please provide a country." aria-required="true">
  (Session info: chrome=126.0.6478.127)
Build info: version: '4.22.0', revision: 'c5f3146703*'
System info: os.name: 'Windows 11', os.arch: 'amd64', os.version: '10.0', java.version: '17.0.9'
Driver info: org.openqa.selenium.chrome.ChromeDriver
Command: [05d1d9cf0839bd3ddd7bdc102bdc409e, clickElement {id=f.8888F0D7F1BAB094BFE56669DC80920C.d.6FCCC81A267E20D4F5F9D732D4462C6A.e.80}]
Capabilities {acceptInsecureCerts: false, browserName: chrome, browserVersion: 126.0.6478.127, chrome: {chromedriverVersion: 126.0.6478.126 (d36ace6122e..., userDataDir: C:\Users\jkeer\AppData\Loca...}, fedcm:accounts: true, goog:chromeOptions: {debuggerAddress: localhost:57568}, networkConnectionEnabled: false, pageLoadStrategy: normal, platformName: windows, proxy: Proxy(), se:cdp: ws://localhost:57568/devtoo..., se:cdpVersion: 126.0.6478.127, setWindowRect: true, strictFileInteractability: false, timeouts: {implicit: 0, pageLoad: 300000, script: 30000}, unhandledPromptBehavior: dismiss and notify, webauthn:extension:credBlob: true, webauthn:extension:largeBlob: true, webauthn:extension:minPinLength: true, webauthn:extension:prf: true, webauthn:virtualAuthenticators: true}
Element: [[ChromeDriver: chrome on windows (05d1d9cf0839bd3ddd7bdc102bdc409e)] -> xpath: //*[text()='Country']]
Session ID: 05d1d9cf0839bd3ddd7bdc102bdc409e
at org.openqa.selenium.remote.ErrorCodec.decode(ErrorCodec.java:167)
at org.openqa.selenium.remote.codec.w3c.W3CHttpResponseCodec.decode(W3CHttpResponseCodec.java:138)
at org.openqa.selenium.remote.codec.w3c.W3CHttpResponseCodec.decode(W3CHttpResponseCodec.java:50)
at org.openqa.selenium.remote.HttpCommandExecutor.execute(HttpCommandExecutor.java:190)
at org.openqa.selenium.remote.service.DriverCommandExecutor.invokeExecute(DriverCommandExecutor.java:216)
at org.openqa.selenium.remote.service.DriverCommandExecutor.execute(DriverCommandExecutor.java:174)
at org.openqa.selenium.remote.RemoteWebDriver.execute(RemoteWebDriver.java:518)
at org.openqa.selenium.remote.RemoteWebElement.execute(RemoteWebElement.java:223)
at org.openqa.selenium.remote.RemoteWebElement.click(RemoteWebElement.java:76)
at com.js.pages.BasePage.click(BasePage.java:18)
at com.js.pages.AddressPage.addCountry(AddressPage.java:30)
at com.js.tests.AddressPageTest.testAddressPage(AddressPageTest.java:14)
at java.base/java.util.ArrayList.forEach(ArrayList.java:1511)
... Removed 32 stack frames]]>
    </failure>
  </testcase> <!-- testAddressPage -->
</testsuite> <!-- Address Page Test Case -->
